<?xml version="1.0" encoding="UTF-8"?>
<!-- Generated by org.testng.reporters.JUnitReportReporter -->
<testsuite hostname="POOLW42SLPC7769" failures="0" tests="4" name="TestCase.TestCase_xlogist_coupon" time="282.262" errors="0" timestamp="2022-12-09T12:10:46 IST" skipped="0">
  <testcase classname="TestCase.TestCase_xlogist_coupon" name="addcoupon_validData" time="61.700"/>
  <system-out/>
  <testcase classname="TestCase.TestCase_xlogist_coupon" name="addcoupon_InvalidData_numericData" time="59.679"/>
  <system-out/>
  <testcase classname="TestCase.TestCase_xlogist_coupon" name="addcoupon_InvalidData_SpecialCharacter" time="89.895"/>
  <system-out/>
  <testcase classname="TestCase.TestCase_xlogist_coupon" name="addcoupon_InvalidData_Dublicate" time="70.988"/>
  <system-out/>
</testsuite> <!-- TestCase.TestCase_xlogist_coupon -->
