<?xml version="1.0" encoding="UTF-8"?>
<!-- Generated by org.testng.reporters.JUnitReportReporter -->
<testsuite hostname="POOLW42SLPC7769" failures="0" tests="1" name="TestCase.TestCase_pisystindia_ecommerce" time="76.464" errors="0" timestamp="2022-12-09T14:16:57 IST" skipped="0">
  <testcase classname="TestCase.TestCase_pisystindia_ecommerce" name="ecommerce_validData" time="76.464"/>
  <system-out/>
</testsuite> <!-- TestCase.TestCase_pisystindia_ecommerce -->
